<?xml version="1.0" encoding="UTF-8"?>
<!-- Generated by org.testng.reporters.JUnitReportReporter -->
<testsuite ignored="1" hostname="DESKTOP-EKJ5BNI" failures="0" tests="2" name="EducacionIT.Annotations" time="0.025" errors="0" timestamp="13 may. 2023 13:38:03 GMT" skipped="0">
  <testcase classname="EducacionIT.Annotations" name="testCase2" time="0.004"/>
  <testcase classname="EducacionIT.Annotations" name="testCase1" time="0.021"/>
  <testcase classname="EducacionIT.Laboratorio3_Ejercicio1" name="pruebaTest">
    <skipped/>
  </testcase> <!-- pruebaTest -->
</testsuite> <!-- EducacionIT.Annotations -->
