<?xml version="1.0" encoding="UTF-8"?>
<!-- Generated by org.testng.reporters.JUnitReportReporter -->
<testsuite ignored="1" hostname="DESKTOP-EKJ5BNI" failures="0" tests="1" name="EducacionIT.Laboratorio3_Ejercicio1" time="3.641" errors="0" timestamp="13 may. 2023 14:41:56 GMT" skipped="0">
  <testcase classname="EducacionIT.Laboratorio3_Ejercicio1" name="registrarUsuario" time="3.641"/>
  <testcase classname="EducacionIT.Laboratorio3_Ejercicio1" name="pruebaTest">
    <skipped/>
  </testcase> <!-- pruebaTest -->
</testsuite> <!-- EducacionIT.Laboratorio3_Ejercicio1 -->
