<?xml version="1.0" encoding="UTF-8"?>
<!-- Generated by org.testng.reporters.JUnitReportReporter -->
<testsuite ignored="0" hostname="DESKTOP-EKJ5BNI" failures="0" tests="3" name="EducacionIT.testNGPriorityExample" time="0.022" errors="0" timestamp="13 may. 2023 13:56:33 GMT" skipped="0">
  <testcase classname="EducacionIT.testNGPriorityExample" name="login" time="0.003"/>
  <testcase classname="EducacionIT.testNGPriorityExample" name="registerAccount" time="0.015"/>
  <testcase classname="EducacionIT.testNGPriorityExample" name="sendEmail" time="0.004"/>
</testsuite> <!-- EducacionIT.testNGPriorityExample -->
