<?xml version="1.0" encoding="UTF-8"?>
<!-- Generated by org.testng.reporters.JUnitReportReporter -->
<testsuite ignored="0" hostname="DESKTOP-EKJ5BNI" failures="0" tests="3" name="pruebas.Laboratorio5_E1b" time="4.137" errors="0" timestamp="20 may. 2023 14:02:29 GMT" skipped="0">
  <testcase classname="pruebas.Laboratorio5_E1b" name="irRegistroLogin" time="1.333"/>
  <testcase classname="pruebas.Laboratorio5_E1b" name="irRegistroLogin" time="1.442"/>
  <testcase classname="pruebas.Laboratorio5_E1b" name="irRegistroLogin" time="1.362"/>
</testsuite> <!-- pruebas.Laboratorio5_E1b -->
