<?xml version="1.0" encoding="UTF-8"?>
<!-- Generated by org.testng.reporters.JUnitReportReporter -->
<testsuite ignored="0" hostname="DESKTOP-EKJ5BNI" failures="0" tests="3" name="EducacionIT.Test_BeforeTestAndBeforeMethod" time="0.015" errors="0" timestamp="13 may. 2023 13:50:50 GMT" skipped="0">
  <testcase classname="EducacionIT.Test_BeforeTestAndBeforeMethod" name="testCDemo" time="0.004"/>
  <testcase classname="EducacionIT.Test_BeforeTestAndBeforeMethod" name="testBDemo" time="0.003"/>
  <testcase classname="EducacionIT.Test_BeforeTestAndBeforeMethod" name="testADemo" time="0.008"/>
</testsuite> <!-- EducacionIT.Test_BeforeTestAndBeforeMethod -->
