<?xml version="1.0" encoding="UTF-8"?>
<!-- Generated by org.testng.reporters.JUnitReportReporter -->
<testsuite ignored="0" hostname="DESKTOP-EKJ5BNI" failures="0" tests="2" name="pruebas.CrossBrowserTest" time="47.222" errors="0" timestamp="20 may. 2023 14:36:50 GMT" skipped="0">
  <testcase classname="pruebas.CrossBrowserTest" name="buscarPalabra" time="12.879"/>
  <testcase classname="pruebas.CrossBrowserTest" name="buscarPalabra" time="34.343"/>
</testsuite> <!-- pruebas.CrossBrowserTest -->
